<?xml version="1.0" encoding="UTF-8"?>
<!-- Generated by org.testng.reporters.JUnitXMLReporter -->
<testsuite ignored="0" hostname="Prajakta" failures="2" tests="3" name="Test(failed)" time="0.767" errors="0" timestamp="2023-06-09T11:06:26 IST">
  <testcase classname="qa.Test.AdminProfileTest" name="sapleadminmethod" time="0.077">
    <skipped/>
  </testcase> <!-- sapleadminmethod -->
  <testcase classname="qa.Test.AdminProfileTest" name="sapleadminmethod" time="0.112">
    <failure type="java.lang.NullPointerException" message="Cannot invoke &amp;quot;org.openqa.selenium.WebDriver.findElement(org.openqa.selenium.By)&amp;quot; because &amp;quot;base.BaseTest.driver&amp;quot; is null">
      <![CDATA[java.lang.NullPointerException: Cannot invoke "org.openqa.selenium.WebDriver.findElement(org.openqa.selenium.By)" because "base.BaseTest.driver" is null
at utils.ElementFetch.getWebElement(ElementFetch.java:15)
at pageEvents.AdminProfileEvent.admin(AdminProfileEvent.java:12)
at qa.Test.AdminProfileTest.sapleadminmethod(AdminProfileTest.java:14)
at java.base/java.util.ArrayList.forEach(ArrayList.java:1511)
... Removed 27 stack frames]]>
    </failure>
  </testcase> <!-- sapleadminmethod -->
  <testcase classname="qa.Test.AdminProfileTest" name="sapleadminmethod" time="0.528">
    <failure type="java.lang.NullPointerException" message="Cannot invoke &amp;quot;org.openqa.selenium.TakesScreenshot.getScreenshotAs(org.openqa.selenium.OutputType)&amp;quot; because &amp;quot;base.BaseTest.driver&amp;quot; is null">
      <![CDATA[java.lang.NullPointerException: Cannot invoke "org.openqa.selenium.TakesScreenshot.getScreenshotAs(org.openqa.selenium.OutputType)" because "base.BaseTest.driver" is null
at utils.SuiteListener.onTestFailure(SuiteListener.java:22)
at java.base/java.util.ArrayList.forEach(ArrayList.java:1511)
... Removed 24 stack frames]]>
    </failure>
  </testcase> <!-- sapleadminmethod -->
</testsuite> <!-- Test(failed) -->
